<?xml version="1.0" encoding="UTF-8"?>
<!-- Generated by org.testng.reporters.JUnitXMLReporter -->
<testsuite ignored="0" hostname="DESKTOP-BL2TRF2" failures="0" tests="3" name="Login Test Case" time="147.278" errors="0" timestamp="2022-08-03T20:28:23 IST">
  <testcase classname="Academy.login" name="login" time="74.984"/>
  <testcase classname="Academy.login" name="practice" time="46.667"/>
  <testcase classname="Academy.login" name="autoPractice" time="25.537"/>
</testsuite> <!-- Login Test Case -->
