<?xml version="1.0" encoding="UTF-8"?>
<!-- Generated by org.testng.reporters.JUnitXMLReporter -->
<testsuite ignored="0" hostname="DESKTOP-BL2TRF2" failures="0" tests="3" name="Login Test Case" time="163.092" errors="0" timestamp="2022-08-08T19:49:32 IST">
  <testcase classname="Academy.login" name="login" time="102.838"/>
  <testcase classname="Academy.login" name="practice" time="28.632"/>
  <testcase classname="Academy.login" name="autoPractice" time="31.113"/>
</testsuite> <!-- Login Test Case -->
