<?xml version="1.0" encoding="UTF-8"?>
<!-- Generated by org.testng.reporters.JUnitXMLReporter -->
<testsuite ignored="0" hostname="DESKTOP-BL2TRF2" failures="1" tests="1" name="Data Driven Test Case" time="29.297" errors="0" timestamp="08 Aug 2022 14:45:42 GMT">
  <testcase classname="Academy.dataDrivenregistration" name="reg" time="29.022">
    <failure type="java.lang.NoClassDefFoundError" message="org/apache/commons/io/output/UnsynchronizedByteArrayOutputStream">
      <![CDATA[java.lang.NoClassDefFoundError: org/apache/commons/io/output/UnsynchronizedByteArrayOutputStreamat dataDriven.dataDriverClass.getData(dataDriverClass.java:28)at Academy.dataDrivenregistration.reg(dataDrivenregistration.java:32)Caused by: java.lang.ClassNotFoundException: org.apache.commons.io.output.UnsynchronizedByteArrayOutputStreamat java.base/jdk.internal.loader.BuiltinClassLoader.loadClass(BuiltinClassLoader.java:641)at java.base/jdk.internal.loader.ClassLoaders$AppClassLoader.loadClass(ClassLoaders.java:188)at java.base/java.lang.ClassLoader.loadClass(ClassLoader.java:521)... 29 more... Removed 27 stack frames]]>
    </failure>
  </testcase> <!-- reg -->
</testsuite> <!-- Data Driven Test Case -->
