<?xml version="1.0" encoding="UTF-8"?>
<testng-results ignored="0" total="1" passed="1" failed="0" skipped="0">
  <reporter-output>
  </reporter-output>
  <suite started-at="2022-08-08T19:56:05 IST" name="Default suite" finished-at="2022-08-08T19:57:09 IST" duration-ms="63163">
    <groups>
    </groups>
    <test started-at="2022-08-08T19:56:05 IST" name="Default test" finished-at="2022-08-08T19:57:09 IST" duration-ms="63163">
      <class name="Academy.dataDrivenregistration">
        <test-method signature="reg()[pri:0, instance:Academy.dataDrivenregistration@17f9344b]" started-at="2022-08-08T19:56:06 IST" name="reg" finished-at="2022-08-08T19:57:09 IST" duration-ms="62971" status="PASS">
          <reporter-output>
          </reporter-output>
        </test-method> <!-- reg -->
      </class> <!-- Academy.dataDrivenregistration -->
    </test> <!-- Default test -->
  </suite> <!-- Default suite -->
</testng-results>
