<?xml version="1.0" encoding="UTF-8"?>
<testng-results ignored="0" total="1" passed="1" failed="0" skipped="0">
  <reporter-output>
  </reporter-output>
  <suite started-at="2022-08-08T14:47:56 IST" name="Default suite" finished-at="2022-08-08T14:48:39 IST" duration-ms="42434">
    <groups>
    </groups>
    <test started-at="2022-08-08T14:47:56 IST" name="Default test" finished-at="2022-08-08T14:48:39 IST" duration-ms="42434">
      <class name="Academy.reg2">
        <test-method signature="reg()[pri:0, instance:Academy.reg2@2df9b86]" started-at="2022-08-08T14:47:56 IST" name="reg" finished-at="2022-08-08T14:48:39 IST" duration-ms="42361" status="PASS">
          <reporter-output>
          </reporter-output>
        </test-method> <!-- reg -->
      </class> <!-- Academy.reg2 -->
    </test> <!-- Default test -->
  </suite> <!-- Default suite -->
</testng-results>
